2025-07-21T14:12:46.519Z [ERROR]: Failed to fetch reliable time, falling back to system time: request to http://worldtimeapi.org/api/timezone/Etc/UTC failed, reason: read ECONNRESET
2025-08-01T10:51:06.415Z [ERROR]: Old directory does not exist: C:\e-archiveUploads\Aputuogya\Microfinance\EMMANUEL@aputuogya
2025-08-01T10:51:29.829Z [ERROR]: Old directory does not exist: C:\e-archiveUploads\atonsuagogo\Credit and marketing\Abrefa@atonsuagogo
2025-09-13T00:00:00.277Z [ERROR]: Error cleaning folder C:\\Users\\LENOVO\\Downloads\\e-archive\\e-archive\\e-archive\\eArchiiveUploads\\temporary: Error: ENOENT: no such file or directory, scandir 'C:\Users\LENOVO\Downloads\e-archive\e-archive\e-archive\eArchiiveUploads\temporary'
2025-09-13T00:00:00.410Z [ERROR]: Error cleaning folder C:\\Users\\LENOVO\\Downloads\\e-archive\\e-archive\\e-archive\\eArchiiveUploads: Error: ENOENT: no such file or directory, scandir 'C:\Users\LENOVO\Downloads\e-archive\e-archive\e-archive\eArchiiveUploads'
2025-09-14T00:00:00.530Z [ERROR]: Error cleaning folder C:\\Users\\LENOVO\\Downloads\\e-archive\\e-archive\\e-archive\\eArchiiveUploads\\temporary: Error: ENOENT: no such file or directory, scandir 'C:\Users\LENOVO\Downloads\e-archive\e-archive\e-archive\eArchiiveUploads\temporary'
2025-09-14T00:00:00.578Z [ERROR]: Error cleaning folder C:\\Users\\LENOVO\\Downloads\\e-archive\\e-archive\\e-archive\\eArchiiveUploads: Error: ENOENT: no such file or directory, scandir 'C:\Users\LENOVO\Downloads\e-archive\e-archive\e-archive\eArchiiveUploads'
2025-09-15T00:00:00.932Z [ERROR]: Error cleaning folder C:\\Users\\LENOVO\\Downloads\\e-archive\\e-archive\\e-archive\\eArchiiveUploads\\temporary: Error: ENOENT: no such file or directory, scandir 'C:\Users\LENOVO\Downloads\e-archive\e-archive\e-archive\eArchiiveUploads\temporary'
2025-09-15T00:00:00.968Z [ERROR]: Error cleaning folder C:\\Users\\LENOVO\\Downloads\\e-archive\\e-archive\\e-archive\\eArchiiveUploads: Error: ENOENT: no such file or directory, scandir 'C:\Users\LENOVO\Downloads\e-archive\e-archive\e-archive\eArchiiveUploads'
2025-09-19T00:00:00.302Z [ERROR]: Error cleaning folder C:\\Users\\LENOVO\\Downloads\\e-archive\\e-archive\\e-archive\\eArchiiveUploads\\temporary: Error: ENOENT: no such file or directory, scandir 'C:\Users\LENOVO\Downloads\e-archive\e-archive\e-archive\eArchiiveUploads\temporary'
2025-09-19T00:00:00.360Z [ERROR]: Error cleaning folder C:\\Users\\LENOVO\\Downloads\\e-archive\\e-archive\\e-archive\\eArchiiveUploads: Error: ENOENT: no such file or directory, scandir 'C:\Users\LENOVO\Downloads\e-archive\e-archive\e-archive\eArchiiveUploads'
2025-09-20T00:00:00.882Z [ERROR]: Error cleaning folder C:\\Users\\LENOVO\\Downloads\\e-archive\\e-archive\\e-archive\\eArchiiveUploads\\temporary: Error: ENOENT: no such file or directory, scandir 'C:\Users\LENOVO\Downloads\e-archive\e-archive\e-archive\eArchiiveUploads\temporary'
2025-09-20T00:00:00.898Z [ERROR]: Error cleaning folder C:\\Users\\LENOVO\\Downloads\\e-archive\\e-archive\\e-archive\\eArchiiveUploads: Error: ENOENT: no such file or directory, scandir 'C:\Users\LENOVO\Downloads\e-archive\e-archive\e-archive\eArchiiveUploads'
2025-09-21T00:00:00.495Z [ERROR]: Error cleaning folder C:\\Users\\LENOVO\\Downloads\\e-archive\\e-archive\\e-archive\\eArchiiveUploads\\temporary: Error: ENOENT: no such file or directory, scandir 'C:\Users\LENOVO\Downloads\e-archive\e-archive\e-archive\eArchiiveUploads\temporary'
2025-09-21T00:00:00.539Z [ERROR]: Error cleaning folder C:\\Users\\LENOVO\\Downloads\\e-archive\\e-archive\\e-archive\\eArchiiveUploads: Error: ENOENT: no such file or directory, scandir 'C:\Users\LENOVO\Downloads\e-archive\e-archive\e-archive\eArchiiveUploads'
2025-09-22T00:00:00.816Z [ERROR]: Error cleaning folder C:\\Users\\LENOVO\\Downloads\\e-archive\\e-archive\\e-archive\\eArchiiveUploads\\temporary: Error: ENOENT: no such file or directory, scandir 'C:\Users\LENOVO\Downloads\e-archive\e-archive\e-archive\eArchiiveUploads\temporary'
2025-09-22T00:00:00.845Z [ERROR]: Error cleaning folder C:\\Users\\LENOVO\\Downloads\\e-archive\\e-archive\\e-archive\\eArchiiveUploads: Error: ENOENT: no such file or directory, scandir 'C:\Users\LENOVO\Downloads\e-archive\e-archive\e-archive\eArchiiveUploads'
2025-09-23T00:00:00.887Z [ERROR]: Error cleaning folder C:\\Users\\LENOVO\\Downloads\\e-archive\\e-archive\\e-archive\\eArchiiveUploads\\temporary: Error: ENOENT: no such file or directory, scandir 'C:\Users\LENOVO\Downloads\e-archive\e-archive\e-archive\eArchiiveUploads\temporary'
2025-09-23T00:00:00.954Z [ERROR]: Error cleaning folder C:\\Users\\LENOVO\\Downloads\\e-archive\\e-archive\\e-archive\\eArchiiveUploads: Error: ENOENT: no such file or directory, scandir 'C:\Users\LENOVO\Downloads\e-archive\e-archive\e-archive\eArchiiveUploads'
2025-09-24T00:00:00.893Z [ERROR]: Error cleaning folder C:\\Users\\LENOVO\\Downloads\\e-archive\\e-archive\\e-archive\\eArchiiveUploads\\temporary: Error: ENOENT: no such file or directory, scandir 'C:\Users\LENOVO\Downloads\e-archive\e-archive\e-archive\eArchiiveUploads\temporary'
2025-09-24T00:00:00.947Z [ERROR]: Error cleaning folder C:\\Users\\LENOVO\\Downloads\\e-archive\\e-archive\\e-archive\\eArchiiveUploads: Error: ENOENT: no such file or directory, scandir 'C:\Users\LENOVO\Downloads\e-archive\e-archive\e-archive\eArchiiveUploads'
2025-09-25T00:00:00.382Z [ERROR]: Error cleaning folder C:\\Users\\LENOVO\\Downloads\\e-archive\\e-archive\\e-archive\\eArchiiveUploads\\temporary: Error: ENOENT: no such file or directory, scandir 'C:\Users\LENOVO\Downloads\e-archive\e-archive\e-archive\eArchiiveUploads\temporary'
2025-09-25T00:00:00.441Z [ERROR]: Error cleaning folder C:\\Users\\LENOVO\\Downloads\\e-archive\\e-archive\\e-archive\\eArchiiveUploads: Error: ENOENT: no such file or directory, scandir 'C:\Users\LENOVO\Downloads\e-archive\e-archive\e-archive\eArchiiveUploads'
2025-09-27T00:00:00.768Z [ERROR]: Error cleaning folder C:\\Users\\LENOVO\\Downloads\\e-archive\\e-archive\\e-archive\\eArchiiveUploads\\temporary: Error: ENOENT: no such file or directory, scandir 'C:\Users\LENOVO\Downloads\e-archive\e-archive\e-archive\eArchiiveUploads\temporary'
2025-09-27T00:00:00.806Z [ERROR]: Error cleaning folder C:\\Users\\LENOVO\\Downloads\\e-archive\\e-archive\\e-archive\\eArchiiveUploads: Error: ENOENT: no such file or directory, scandir 'C:\Users\LENOVO\Downloads\e-archive\e-archive\e-archive\eArchiiveUploads'
2025-09-30T00:00:00.269Z [ERROR]: Error cleaning folder C:\\Users\\LENOVO\\Downloads\\e-archive\\e-archive\\e-archive\\eArchiiveUploads\\temporary: Error: ENOENT: no such file or directory, scandir 'C:\Users\LENOVO\Downloads\e-archive\e-archive\e-archive\eArchiiveUploads\temporary'
2025-09-30T00:00:00.456Z [ERROR]: Error cleaning folder C:\\Users\\LENOVO\\Downloads\\e-archive\\e-archive\\e-archive\\eArchiiveUploads: Error: ENOENT: no such file or directory, scandir 'C:\Users\LENOVO\Downloads\e-archive\e-archive\e-archive\eArchiiveUploads'
2025-10-01T00:00:00.449Z [ERROR]: Error cleaning folder C:\\Users\\LENOVO\\Downloads\\e-archive\\e-archive\\e-archive\\eArchiiveUploads\\temporary: Error: ENOENT: no such file or directory, scandir 'C:\Users\LENOVO\Downloads\e-archive\e-archive\e-archive\eArchiiveUploads\temporary'
2025-10-01T00:00:00.489Z [ERROR]: Error cleaning folder C:\\Users\\LENOVO\\Downloads\\e-archive\\e-archive\\e-archive\\eArchiiveUploads: Error: ENOENT: no such file or directory, scandir 'C:\Users\LENOVO\Downloads\e-archive\e-archive\e-archive\eArchiiveUploads'
2025-10-04T00:00:00.247Z [ERROR]: Error cleaning folder C:\\Users\\LENOVO\\Downloads\\e-archive\\e-archive\\e-archive\\eArchiiveUploads\\temporary: Error: ENOENT: no such file or directory, scandir 'C:\Users\LENOVO\Downloads\e-archive\e-archive\e-archive\eArchiiveUploads\temporary'
2025-10-04T00:00:00.296Z [ERROR]: Error cleaning folder C:\\Users\\LENOVO\\Downloads\\e-archive\\e-archive\\e-archive\\eArchiiveUploads: Error: ENOENT: no such file or directory, scandir 'C:\Users\LENOVO\Downloads\e-archive\e-archive\e-archive\eArchiiveUploads'
2025-10-05T00:00:00.644Z [ERROR]: Error cleaning folder C:\\Users\\LENOVO\\Downloads\\e-archive\\e-archive\\e-archive\\eArchiiveUploads\\temporary: Error: ENOENT: no such file or directory, scandir 'C:\Users\LENOVO\Downloads\e-archive\e-archive\e-archive\eArchiiveUploads\temporary'
2025-10-05T00:00:00.685Z [ERROR]: Error cleaning folder C:\\Users\\LENOVO\\Downloads\\e-archive\\e-archive\\e-archive\\eArchiiveUploads: Error: ENOENT: no such file or directory, scandir 'C:\Users\LENOVO\Downloads\e-archive\e-archive\e-archive\eArchiiveUploads'
2025-10-06T00:00:00.564Z [ERROR]: Error cleaning folder C:\\Users\\LENOVO\\Downloads\\e-archive\\e-archive\\e-archive\\eArchiiveUploads\\temporary: Error: ENOENT: no such file or directory, scandir 'C:\Users\LENOVO\Downloads\e-archive\e-archive\e-archive\eArchiiveUploads\temporary'
2025-10-06T00:00:00.615Z [ERROR]: Error cleaning folder C:\\Users\\LENOVO\\Downloads\\e-archive\\e-archive\\e-archive\\eArchiiveUploads: Error: ENOENT: no such file or directory, scandir 'C:\Users\LENOVO\Downloads\e-archive\e-archive\e-archive\eArchiiveUploads'
2025-10-08T00:00:00.795Z [ERROR]: Error cleaning folder C:\\Users\\LENOVO\\Downloads\\e-archive\\e-archive\\e-archive\\eArchiiveUploads\\temporary: Error: ENOENT: no such file or directory, scandir 'C:\Users\LENOVO\Downloads\e-archive\e-archive\e-archive\eArchiiveUploads\temporary'
2025-10-08T00:00:00.829Z [ERROR]: Error cleaning folder C:\\Users\\LENOVO\\Downloads\\e-archive\\e-archive\\e-archive\\eArchiiveUploads: Error: ENOENT: no such file or directory, scandir 'C:\Users\LENOVO\Downloads\e-archive\e-archive\e-archive\eArchiiveUploads'
2025-10-09T00:00:00.787Z [ERROR]: Error cleaning folder C:\\Users\\LENOVO\\Downloads\\e-archive\\e-archive\\e-archive\\eArchiiveUploads\\temporary: Error: ENOENT: no such file or directory, scandir 'C:\Users\LENOVO\Downloads\e-archive\e-archive\e-archive\eArchiiveUploads\temporary'
2025-10-09T00:00:00.804Z [ERROR]: Error cleaning folder C:\\Users\\LENOVO\\Downloads\\e-archive\\e-archive\\e-archive\\eArchiiveUploads: Error: ENOENT: no such file or directory, scandir 'C:\Users\LENOVO\Downloads\e-archive\e-archive\e-archive\eArchiiveUploads'
2025-10-10T00:00:01.021Z [ERROR]: Error cleaning folder C:\\Users\\LENOVO\\Downloads\\e-archive\\e-archive\\e-archive\\eArchiiveUploads\\temporary: Error: ENOENT: no such file or directory, scandir 'C:\Users\LENOVO\Downloads\e-archive\e-archive\e-archive\eArchiiveUploads\temporary'
2025-10-10T00:00:01.093Z [ERROR]: Error cleaning folder C:\\Users\\LENOVO\\Downloads\\e-archive\\e-archive\\e-archive\\eArchiiveUploads: Error: ENOENT: no such file or directory, scandir 'C:\Users\LENOVO\Downloads\e-archive\e-archive\e-archive\eArchiiveUploads'
2025-10-13T00:00:00.964Z [ERROR]: Error cleaning folder C:\\Users\\LENOVO\\Downloads\\e-archive\\e-archive\\e-archive\\eArchiiveUploads\\temporary: Error: ENOENT: no such file or directory, scandir 'C:\Users\LENOVO\Downloads\e-archive\e-archive\e-archive\eArchiiveUploads\temporary'
2025-10-13T00:00:00.983Z [ERROR]: Error cleaning folder C:\\Users\\LENOVO\\Downloads\\e-archive\\e-archive\\e-archive\\eArchiiveUploads: Error: ENOENT: no such file or directory, scandir 'C:\Users\LENOVO\Downloads\e-archive\e-archive\e-archive\eArchiiveUploads'
2025-10-14T00:00:00.145Z [ERROR]: Error cleaning folder C:\\Users\\LENOVO\\Downloads\\e-archive\\e-archive\\e-archive\\eArchiiveUploads\\temporary: Error: ENOENT: no such file or directory, scandir 'C:\Users\LENOVO\Downloads\e-archive\e-archive\e-archive\eArchiiveUploads\temporary'
2025-10-14T00:00:00.199Z [ERROR]: Error cleaning folder C:\\Users\\LENOVO\\Downloads\\e-archive\\e-archive\\e-archive\\eArchiiveUploads: Error: ENOENT: no such file or directory, scandir 'C:\Users\LENOVO\Downloads\e-archive\e-archive\e-archive\eArchiiveUploads'
2025-10-20T16:07:39.786Z [ERROR]: Failed to fetch reliable time, falling back to system time: request to http://worldtimeapi.org/api/timezone/Etc/UTC failed, reason: read ECONNRESET
2025-10-20T16:07:55.068Z [ERROR]: Failed to fetch reliable time, falling back to system time: request to http://worldtimeapi.org/api/timezone/Etc/UTC failed, reason: read ECONNRESET
2025-10-20T16:08:42.359Z [ERROR]: Failed to fetch reliable time, falling back to system time: request to http://worldtimeapi.org/api/timezone/Etc/UTC failed, reason: read ECONNRESET
2025-10-20T16:14:49.145Z [ERROR]: Failed to fetch reliable time, falling back to system time: request to http://worldtimeapi.org/api/timezone/Etc/UTC failed, reason: read ECONNRESET
2025-10-20T16:18:46.573Z [ERROR]: Failed to fetch reliable time, falling back to system time: request to http://worldtimeapi.org/api/timezone/Etc/UTC failed, reason: read ECONNRESET
2025-10-20T16:24:32.752Z [ERROR]: Failed to fetch reliable time, falling back to system time: request to http://worldtimeapi.org/api/timezone/Etc/UTC failed, reason: read ECONNRESET
2025-10-20T16:25:32.720Z [ERROR]: Failed to fetch reliable time, falling back to system time: request to http://worldtimeapi.org/api/timezone/Etc/UTC failed, reason: read ECONNRESET
2025-10-23T00:00:00.823Z [ERROR]: Error cleaning folder C:\\Users\\LENOVO\\Downloads\\e-archive\\e-archive\\e-archive\\eArchiiveUploads\\temporary: Error: ENOENT: no such file or directory, scandir 'C:\Users\LENOVO\Downloads\e-archive\e-archive\e-archive\eArchiiveUploads\temporary'
2025-10-23T00:00:00.869Z [ERROR]: Error cleaning folder C:\\Users\\LENOVO\\Downloads\\e-archive\\e-archive\\e-archive\\eArchiiveUploads: Error: ENOENT: no such file or directory, scandir 'C:\Users\LENOVO\Downloads\e-archive\e-archive\e-archive\eArchiiveUploads'
2025-10-24T00:00:01.086Z [ERROR]: Error cleaning folder C:\\Users\\LENOVO\\Downloads\\e-archive\\e-archive\\e-archive\\eArchiiveUploads\\temporary: Error: ENOENT: no such file or directory, scandir 'C:\Users\LENOVO\Downloads\e-archive\e-archive\e-archive\eArchiiveUploads\temporary'
2025-10-24T00:00:01.144Z [ERROR]: Error cleaning folder C:\\Users\\LENOVO\\Downloads\\e-archive\\e-archive\\e-archive\\eArchiiveUploads: Error: ENOENT: no such file or directory, scandir 'C:\Users\LENOVO\Downloads\e-archive\e-archive\e-archive\eArchiiveUploads'
2025-10-25T00:00:00.841Z [ERROR]: Error cleaning folder C:\\Users\\LENOVO\\Downloads\\e-archive\\e-archive\\e-archive\\eArchiiveUploads\\temporary: Error: ENOENT: no such file or directory, scandir 'C:\Users\LENOVO\Downloads\e-archive\e-archive\e-archive\eArchiiveUploads\temporary'
2025-10-25T00:00:00.927Z [ERROR]: Error cleaning folder C:\\Users\\LENOVO\\Downloads\\e-archive\\e-archive\\e-archive\\eArchiiveUploads: Error: ENOENT: no such file or directory, scandir 'C:\Users\LENOVO\Downloads\e-archive\e-archive\e-archive\eArchiiveUploads'
2025-10-26T00:00:00.413Z [ERROR]: Error cleaning folder C:\\Users\\LENOVO\\Downloads\\e-archive\\e-archive\\e-archive\\eArchiiveUploads\\temporary: Error: ENOENT: no such file or directory, scandir 'C:\Users\LENOVO\Downloads\e-archive\e-archive\e-archive\eArchiiveUploads\temporary'
2025-10-26T00:00:00.489Z [ERROR]: Error cleaning folder C:\\Users\\LENOVO\\Downloads\\e-archive\\e-archive\\e-archive\\eArchiiveUploads: Error: ENOENT: no such file or directory, scandir 'C:\Users\LENOVO\Downloads\e-archive\e-archive\e-archive\eArchiiveUploads'
2025-10-27T00:00:00.764Z [ERROR]: Error cleaning folder C:\\Users\\LENOVO\\Downloads\\e-archive\\e-archive\\e-archive\\eArchiiveUploads\\temporary: Error: ENOENT: no such file or directory, scandir 'C:\Users\LENOVO\Downloads\e-archive\e-archive\e-archive\eArchiiveUploads\temporary'
2025-10-27T00:00:00.885Z [ERROR]: Error cleaning folder C:\\Users\\LENOVO\\Downloads\\e-archive\\e-archive\\e-archive\\eArchiiveUploads: Error: ENOENT: no such file or directory, scandir 'C:\Users\LENOVO\Downloads\e-archive\e-archive\e-archive\eArchiiveUploads'
2025-10-28T00:00:00.978Z [ERROR]: Error cleaning folder C:\\Users\\LENOVO\\Downloads\\e-archive\\e-archive\\e-archive\\eArchiiveUploads\\temporary: Error: ENOENT: no such file or directory, scandir 'C:\Users\LENOVO\Downloads\e-archive\e-archive\e-archive\eArchiiveUploads\temporary'
2025-10-28T00:00:01.177Z [ERROR]: Error cleaning folder C:\\Users\\LENOVO\\Downloads\\e-archive\\e-archive\\e-archive\\eArchiiveUploads: Error: ENOENT: no such file or directory, scandir 'C:\Users\LENOVO\Downloads\e-archive\e-archive\e-archive\eArchiiveUploads'
2025-10-30T00:00:00.198Z [ERROR]: Error cleaning folder C:\\Users\\LENOVO\\Downloads\\e-archive\\e-archive\\e-archive\\eArchiiveUploads\\temporary: Error: ENOENT: no such file or directory, scandir 'C:\Users\LENOVO\Downloads\e-archive\e-archive\e-archive\eArchiiveUploads\temporary'
2025-10-30T00:00:00.239Z [ERROR]: Error cleaning folder C:\\Users\\LENOVO\\Downloads\\e-archive\\e-archive\\e-archive\\eArchiiveUploads: Error: ENOENT: no such file or directory, scandir 'C:\Users\LENOVO\Downloads\e-archive\e-archive\e-archive\eArchiiveUploads'
2025-10-31T00:00:00.912Z [ERROR]: Error cleaning folder C:\\Users\\LENOVO\\Downloads\\e-archive\\e-archive\\e-archive\\eArchiiveUploads\\temporary: Error: ENOENT: no such file or directory, scandir 'C:\Users\LENOVO\Downloads\e-archive\e-archive\e-archive\eArchiiveUploads\temporary'
2025-10-31T00:00:00.976Z [ERROR]: Error cleaning folder C:\\Users\\LENOVO\\Downloads\\e-archive\\e-archive\\e-archive\\eArchiiveUploads: Error: ENOENT: no such file or directory, scandir 'C:\Users\LENOVO\Downloads\e-archive\e-archive\e-archive\eArchiiveUploads'
2025-11-02T00:00:01.000Z [ERROR]: Error cleaning folder C:\\Users\\LENOVO\\Downloads\\e-archive\\e-archive\\e-archive\\eArchiiveUploads\\temporary: Error: ENOENT: no such file or directory, scandir 'C:\Users\LENOVO\Downloads\e-archive\e-archive\e-archive\eArchiiveUploads\temporary'
2025-11-02T00:00:01.131Z [ERROR]: Error cleaning folder C:\\Users\\LENOVO\\Downloads\\e-archive\\e-archive\\e-archive\\eArchiiveUploads: Error: ENOENT: no such file or directory, scandir 'C:\Users\LENOVO\Downloads\e-archive\e-archive\e-archive\eArchiiveUploads'
2025-11-03T00:00:00.769Z [ERROR]: Error cleaning folder C:\\Users\\LENOVO\\Downloads\\e-archive\\e-archive\\e-archive\\eArchiiveUploads\\temporary: Error: ENOENT: no such file or directory, scandir 'C:\Users\LENOVO\Downloads\e-archive\e-archive\e-archive\eArchiiveUploads\temporary'
2025-11-03T00:00:01.074Z [ERROR]: Error cleaning folder C:\\Users\\LENOVO\\Downloads\\e-archive\\e-archive\\e-archive\\eArchiiveUploads: Error: ENOENT: no such file or directory, scandir 'C:\Users\LENOVO\Downloads\e-archive\e-archive\e-archive\eArchiiveUploads'
2025-11-04T00:00:00.296Z [ERROR]: Error cleaning folder C:\\Users\\LENOVO\\Downloads\\e-archive\\e-archive\\e-archive\\eArchiiveUploads\\temporary: Error: ENOENT: no such file or directory, scandir 'C:\Users\LENOVO\Downloads\e-archive\e-archive\e-archive\eArchiiveUploads\temporary'
2025-11-04T00:00:00.342Z [ERROR]: Error cleaning folder C:\\Users\\LENOVO\\Downloads\\e-archive\\e-archive\\e-archive\\eArchiiveUploads: Error: ENOENT: no such file or directory, scandir 'C:\Users\LENOVO\Downloads\e-archive\e-archive\e-archive\eArchiiveUploads'
2025-11-05T00:00:00.438Z [ERROR]: Error cleaning folder C:\\Users\\LENOVO\\Downloads\\e-archive\\e-archive\\e-archive\\eArchiiveUploads\\temporary: Error: ENOENT: no such file or directory, scandir 'C:\Users\LENOVO\Downloads\e-archive\e-archive\e-archive\eArchiiveUploads\temporary'
2025-11-05T00:00:00.496Z [ERROR]: Error cleaning folder C:\\Users\\LENOVO\\Downloads\\e-archive\\e-archive\\e-archive\\eArchiiveUploads: Error: ENOENT: no such file or directory, scandir 'C:\Users\LENOVO\Downloads\e-archive\e-archive\e-archive\eArchiiveUploads'
2025-11-06T00:00:01.196Z [ERROR]: Error cleaning folder C:\\Users\\LENOVO\\Downloads\\e-archive\\e-archive\\e-archive\\eArchiiveUploads\\temporary: Error: ENOENT: no such file or directory, scandir 'C:\Users\LENOVO\Downloads\e-archive\e-archive\e-archive\eArchiiveUploads\temporary'
2025-11-06T00:00:01.299Z [ERROR]: Error cleaning folder C:\\Users\\LENOVO\\Downloads\\e-archive\\e-archive\\e-archive\\eArchiiveUploads: Error: ENOENT: no such file or directory, scandir 'C:\Users\LENOVO\Downloads\e-archive\e-archive\e-archive\eArchiiveUploads'
2025-11-07T00:00:00.772Z [ERROR]: Error cleaning folder C:\\Users\\LENOVO\\Downloads\\e-archive\\e-archive\\e-archive\\eArchiiveUploads\\temporary: Error: ENOENT: no such file or directory, scandir 'C:\Users\LENOVO\Downloads\e-archive\e-archive\e-archive\eArchiiveUploads\temporary'
2025-11-07T00:00:01.394Z [ERROR]: Error cleaning folder C:\\Users\\LENOVO\\Downloads\\e-archive\\e-archive\\e-archive\\eArchiiveUploads: Error: ENOENT: no such file or directory, scandir 'C:\Users\LENOVO\Downloads\e-archive\e-archive\e-archive\eArchiiveUploads'
2025-11-08T00:00:00.176Z [ERROR]: Error cleaning folder C:\\Users\\LENOVO\\Downloads\\e-archive\\e-archive\\e-archive\\eArchiiveUploads\\temporary: Error: ENOENT: no such file or directory, scandir 'C:\Users\LENOVO\Downloads\e-archive\e-archive\e-archive\eArchiiveUploads\temporary'
2025-11-08T00:00:00.232Z [ERROR]: Error cleaning folder C:\\Users\\LENOVO\\Downloads\\e-archive\\e-archive\\e-archive\\eArchiiveUploads: Error: ENOENT: no such file or directory, scandir 'C:\Users\LENOVO\Downloads\e-archive\e-archive\e-archive\eArchiiveUploads'
2025-11-09T00:00:00.822Z [ERROR]: Error cleaning folder C:\\Users\\LENOVO\\Downloads\\e-archive\\e-archive\\e-archive\\eArchiiveUploads\\temporary: Error: ENOENT: no such file or directory, scandir 'C:\Users\LENOVO\Downloads\e-archive\e-archive\e-archive\eArchiiveUploads\temporary'
2025-11-09T00:00:00.941Z [ERROR]: Error cleaning folder C:\\Users\\LENOVO\\Downloads\\e-archive\\e-archive\\e-archive\\eArchiiveUploads: Error: ENOENT: no such file or directory, scandir 'C:\Users\LENOVO\Downloads\e-archive\e-archive\e-archive\eArchiiveUploads'
2025-11-10T09:50:50.558Z [ERROR]: Failed to fetch reliable time, falling back to system time: request to http://worldtimeapi.org/api/timezone/Etc/UTC failed, reason: read ECONNRESET
2025-11-11T09:47:19.556Z [ERROR]: Failed to fetch reliable time, falling back to system time: request to http://worldtimeapi.org/api/timezone/Etc/UTC failed, reason: read ECONNRESET
2025-11-11T10:10:39.549Z [ERROR]: Failed to fetch reliable time, falling back to system time: request to http://worldtimeapi.org/api/timezone/Etc/UTC failed, reason: read ECONNRESET
2025-11-11T10:11:06.336Z [ERROR]: Failed to fetch reliable time, falling back to system time: request to http://worldtimeapi.org/api/timezone/Etc/UTC failed, reason: read ECONNRESET
2025-11-11T10:14:48.613Z [ERROR]: Failed to fetch reliable time, falling back to system time: request to http://worldtimeapi.org/api/timezone/Etc/UTC failed, reason: read ECONNRESET
2025-11-11T10:14:56.541Z [ERROR]: Failed to fetch reliable time, falling back to system time: request to http://worldtimeapi.org/api/timezone/Etc/UTC failed, reason: read ECONNRESET
2025-11-11T10:15:05.480Z [ERROR]: Failed to fetch reliable time, falling back to system time: request to http://worldtimeapi.org/api/timezone/Etc/UTC failed, reason: read ECONNRESET
2025-11-11T10:21:40.368Z [ERROR]: Error: Failed to move file: EXDEV: cross-device link not permitted, rename 'W:\Mycrolynxe\e-archive\e-archive\util\eArchiiveUploads\temporary\1762856500340-lkdn.jpg' -> 'C:\e-archiveUploads\profile-pictures\1_1762856500361.jpg'
2025-11-11T10:23:05.396Z [ERROR]: Error: Failed to move file: EXDEV: cross-device link not permitted, rename 'W:\Mycrolynxe\e-archive\e-archive\util\eArchiiveUploads\temporary\1762856585382-WIN_20240515_02_00_31_Pro.jpg' -> 'C:\e-archiveUploads\profile-pictures\1_1762856585393.jpg'
2025-11-11T10:43:42.978Z [ERROR]: Error: Failed to move file: EXDEV: cross-device link not permitted, rename 'W:\Mycrolynxe\e-archive\e-archive\util\eArchiiveUploads\temporary\1762857822949-lkdn.jpg' -> 'C:\e-archiveUploads\profile-pictures\1_1762857822972.jpg'
2025-11-11T12:38:13.312Z [ERROR]: Failed to fetch reliable time, falling back to system time: request to http://worldtimeapi.org/api/timezone/Etc/UTC failed, reason: read ECONNRESET
2025-11-11T14:59:13.947Z [ERROR]: Failed to fetch reliable time, falling back to system time: request to http://worldtimeapi.org/api/timezone/Etc/UTC failed, reason: read ECONNRESET
2025-11-13T00:00:01.192Z [ERROR]: Error cleaning folder C:\\Users\\LENOVO\\Downloads\\e-archive\\e-archive\\e-archive\\eArchiiveUploads\\temporary: Error: ENOENT: no such file or directory, scandir 'C:\Users\LENOVO\Downloads\e-archive\e-archive\e-archive\eArchiiveUploads\temporary'
2025-11-13T00:00:01.452Z [ERROR]: Error cleaning folder C:\\Users\\LENOVO\\Downloads\\e-archive\\e-archive\\e-archive\\eArchiiveUploads: Error: ENOENT: no such file or directory, scandir 'C:\Users\LENOVO\Downloads\e-archive\e-archive\e-archive\eArchiiveUploads'
2025-11-14T00:00:00.513Z [ERROR]: Error cleaning folder C:\\Users\\LENOVO\\Downloads\\e-archive\\e-archive\\e-archive\\eArchiiveUploads\\temporary: Error: ENOENT: no such file or directory, scandir 'C:\Users\LENOVO\Downloads\e-archive\e-archive\e-archive\eArchiiveUploads\temporary'
2025-11-14T00:00:00.589Z [ERROR]: Error cleaning folder C:\\Users\\LENOVO\\Downloads\\e-archive\\e-archive\\e-archive\\eArchiiveUploads: Error: ENOENT: no such file or directory, scandir 'C:\Users\LENOVO\Downloads\e-archive\e-archive\e-archive\eArchiiveUploads'
2025-11-15T00:00:00.996Z [ERROR]: Error cleaning folder C:\\Users\\LENOVO\\Downloads\\e-archive\\e-archive\\e-archive\\eArchiiveUploads\\temporary: Error: ENOENT: no such file or directory, scandir 'C:\Users\LENOVO\Downloads\e-archive\e-archive\e-archive\eArchiiveUploads\temporary'
2025-11-15T00:00:01.108Z [ERROR]: Error cleaning folder C:\\Users\\LENOVO\\Downloads\\e-archive\\e-archive\\e-archive\\eArchiiveUploads: Error: ENOENT: no such file or directory, scandir 'C:\Users\LENOVO\Downloads\e-archive\e-archive\e-archive\eArchiiveUploads'
2025-11-17T10:03:13.510Z [ERROR]: Failed to fetch reliable time, falling back to system time: request to http://worldtimeapi.org/api/timezone/Etc/UTC failed, reason: read ECONNRESET
2025-11-17T10:03:23.312Z [ERROR]: Failed to fetch reliable time, falling back to system time: request to http://worldtimeapi.org/api/timezone/Etc/UTC failed, reason: read ECONNRESET
2025-11-17T10:07:38.123Z [ERROR]: Failed to fetch reliable time, falling back to system time: request to http://worldtimeapi.org/api/timezone/Etc/UTC failed, reason: read ECONNRESET
2025-11-17T10:07:50.704Z [ERROR]: Failed to fetch reliable time, falling back to system time: request to http://worldtimeapi.org/api/timezone/Etc/UTC failed, reason: read ECONNRESET
2025-11-17T10:31:03.860Z [ERROR]: User not found.
2025-11-17T10:31:04.720Z [ERROR]: User not found.
2025-11-17T10:31:06.124Z [ERROR]: User not found.
2025-11-17T10:31:06.278Z [ERROR]: User not found.
2025-11-17T10:31:06.536Z [ERROR]: User not found.
2025-11-17T10:31:07.372Z [ERROR]: User not found.
2025-11-17T10:31:08.686Z [ERROR]: User not found.
2025-11-17T10:31:08.800Z [ERROR]: User not found.
2025-11-17T10:31:09.024Z [ERROR]: User not found.
2025-11-17T10:31:09.450Z [ERROR]: User not found.
2025-11-17T10:31:09.825Z [ERROR]: User not found.
2025-11-17T10:59:14.370Z [ERROR]: User not found.
2025-11-17T10:59:14.612Z [ERROR]: User not found.
2025-11-17T10:59:15.567Z [ERROR]: User not found.
2025-11-17T10:59:16.116Z [ERROR]: User not found.
2025-11-17T10:59:16.642Z [ERROR]: User not found.
2025-11-17T10:59:20.550Z [ERROR]: User not found.
2025-11-17T10:59:25.256Z [ERROR]: User not found.
2025-11-17T10:59:25.987Z [ERROR]: User not found.
2025-11-17T10:59:26.466Z [ERROR]: User not found.
2025-11-17T10:59:26.714Z [ERROR]: User not found.
2025-11-17T10:59:27.292Z [ERROR]: User not found.
2025-11-17T10:59:27.894Z [ERROR]: User not found.
2025-11-18T00:00:00.442Z [ERROR]: Error cleaning folder C:\\Users\\LENOVO\\Downloads\\e-archive\\e-archive\\e-archive\\eArchiiveUploads\\temporary: Error: ENOENT: no such file or directory, scandir 'C:\Users\LENOVO\Downloads\e-archive\e-archive\e-archive\eArchiiveUploads\temporary'
2025-11-18T00:00:00.477Z [ERROR]: Error cleaning folder C:\\Users\\LENOVO\\Downloads\\e-archive\\e-archive\\e-archive\\eArchiiveUploads: Error: ENOENT: no such file or directory, scandir 'C:\Users\LENOVO\Downloads\e-archive\e-archive\e-archive\eArchiiveUploads'
2025-11-19T00:00:00.927Z [ERROR]: Error cleaning folder C:\\Users\\LENOVO\\Downloads\\e-archive\\e-archive\\e-archive\\eArchiiveUploads\\temporary: Error: ENOENT: no such file or directory, scandir 'C:\Users\LENOVO\Downloads\e-archive\e-archive\e-archive\eArchiiveUploads\temporary'
2025-11-19T00:00:01.091Z [ERROR]: Error cleaning folder C:\\Users\\LENOVO\\Downloads\\e-archive\\e-archive\\e-archive\\eArchiiveUploads: Error: ENOENT: no such file or directory, scandir 'C:\Users\LENOVO\Downloads\e-archive\e-archive\e-archive\eArchiiveUploads'
2025-11-20T00:00:01.169Z [ERROR]: Error cleaning folder C:\\Users\\LENOVO\\Downloads\\e-archive\\e-archive\\e-archive\\eArchiiveUploads\\temporary: Error: ENOENT: no such file or directory, scandir 'C:\Users\LENOVO\Downloads\e-archive\e-archive\e-archive\eArchiiveUploads\temporary'
2025-11-20T00:00:01.227Z [ERROR]: Error cleaning folder C:\\Users\\LENOVO\\Downloads\\e-archive\\e-archive\\e-archive\\eArchiiveUploads: Error: ENOENT: no such file or directory, scandir 'C:\Users\LENOVO\Downloads\e-archive\e-archive\e-archive\eArchiiveUploads'
2025-11-21T00:00:00.956Z [ERROR]: Error cleaning folder C:\\Users\\LENOVO\\Downloads\\e-archive\\e-archive\\e-archive\\eArchiiveUploads\\temporary: Error: ENOENT: no such file or directory, scandir 'C:\Users\LENOVO\Downloads\e-archive\e-archive\e-archive\eArchiiveUploads\temporary'
2025-11-21T00:00:00.998Z [ERROR]: Error cleaning folder C:\\Users\\LENOVO\\Downloads\\e-archive\\e-archive\\e-archive\\eArchiiveUploads: Error: ENOENT: no such file or directory, scandir 'C:\Users\LENOVO\Downloads\e-archive\e-archive\e-archive\eArchiiveUploads'
2025-11-22T00:00:00.306Z [ERROR]: Error cleaning folder C:\\Users\\LENOVO\\Downloads\\e-archive\\e-archive\\e-archive\\eArchiiveUploads\\temporary: Error: ENOENT: no such file or directory, scandir 'C:\Users\LENOVO\Downloads\e-archive\e-archive\e-archive\eArchiiveUploads\temporary'
2025-11-22T00:00:00.349Z [ERROR]: Error cleaning folder C:\\Users\\LENOVO\\Downloads\\e-archive\\e-archive\\e-archive\\eArchiiveUploads: Error: ENOENT: no such file or directory, scandir 'C:\Users\LENOVO\Downloads\e-archive\e-archive\e-archive\eArchiiveUploads'
2025-11-23T00:00:00.153Z [ERROR]: Error cleaning folder C:\\Users\\LENOVO\\Downloads\\e-archive\\e-archive\\e-archive\\eArchiiveUploads\\temporary: Error: ENOENT: no such file or directory, scandir 'C:\Users\LENOVO\Downloads\e-archive\e-archive\e-archive\eArchiiveUploads\temporary'
2025-11-23T00:00:00.230Z [ERROR]: Error cleaning folder C:\\Users\\LENOVO\\Downloads\\e-archive\\e-archive\\e-archive\\eArchiiveUploads: Error: ENOENT: no such file or directory, scandir 'C:\Users\LENOVO\Downloads\e-archive\e-archive\e-archive\eArchiiveUploads'
2025-11-24T00:00:00.235Z [ERROR]: Error cleaning folder C:\\Users\\LENOVO\\Downloads\\e-archive\\e-archive\\e-archive\\eArchiiveUploads\\temporary: Error: ENOENT: no such file or directory, scandir 'C:\Users\LENOVO\Downloads\e-archive\e-archive\e-archive\eArchiiveUploads\temporary'
2025-11-24T00:00:00.346Z [ERROR]: Error cleaning folder C:\\Users\\LENOVO\\Downloads\\e-archive\\e-archive\\e-archive\\eArchiiveUploads: Error: ENOENT: no such file or directory, scandir 'C:\Users\LENOVO\Downloads\e-archive\e-archive\e-archive\eArchiiveUploads'
2025-11-25T00:00:00.415Z [ERROR]: Error cleaning folder C:\\Users\\LENOVO\\Downloads\\e-archive\\e-archive\\e-archive\\eArchiiveUploads\\temporary: Error: ENOENT: no such file or directory, scandir 'C:\Users\LENOVO\Downloads\e-archive\e-archive\e-archive\eArchiiveUploads\temporary'
2025-11-25T00:00:00.506Z [ERROR]: Error cleaning folder C:\\Users\\LENOVO\\Downloads\\e-archive\\e-archive\\e-archive\\eArchiiveUploads: Error: ENOENT: no such file or directory, scandir 'C:\Users\LENOVO\Downloads\e-archive\e-archive\e-archive\eArchiiveUploads'
2025-11-26T00:00:00.968Z [ERROR]: Error cleaning folder C:\\Users\\LENOVO\\Downloads\\e-archive\\e-archive\\e-archive\\eArchiiveUploads\\temporary: Error: ENOENT: no such file or directory, scandir 'C:\Users\LENOVO\Downloads\e-archive\e-archive\e-archive\eArchiiveUploads\temporary'
2025-11-26T00:00:00.984Z [ERROR]: Error cleaning folder C:\\Users\\LENOVO\\Downloads\\e-archive\\e-archive\\e-archive\\eArchiiveUploads: Error: ENOENT: no such file or directory, scandir 'C:\Users\LENOVO\Downloads\e-archive\e-archive\e-archive\eArchiiveUploads'
2025-11-27T00:00:00.903Z [ERROR]: Error cleaning folder C:\\Users\\LENOVO\\Downloads\\e-archive\\e-archive\\e-archive\\eArchiiveUploads\\temporary: Error: ENOENT: no such file or directory, scandir 'C:\Users\LENOVO\Downloads\e-archive\e-archive\e-archive\eArchiiveUploads\temporary'
2025-11-27T00:00:01.044Z [ERROR]: Error cleaning folder C:\\Users\\LENOVO\\Downloads\\e-archive\\e-archive\\e-archive\\eArchiiveUploads: Error: ENOENT: no such file or directory, scandir 'C:\Users\LENOVO\Downloads\e-archive\e-archive\e-archive\eArchiiveUploads'
2025-11-28T00:00:00.627Z [ERROR]: Error cleaning folder C:\\Users\\LENOVO\\Downloads\\e-archive\\e-archive\\e-archive\\eArchiiveUploads\\temporary: Error: ENOENT: no such file or directory, scandir 'C:\Users\LENOVO\Downloads\e-archive\e-archive\e-archive\eArchiiveUploads\temporary'
2025-11-28T00:00:00.716Z [ERROR]: Error cleaning folder C:\\Users\\LENOVO\\Downloads\\e-archive\\e-archive\\e-archive\\eArchiiveUploads: Error: ENOENT: no such file or directory, scandir 'C:\Users\LENOVO\Downloads\e-archive\e-archive\e-archive\eArchiiveUploads'
2025-11-29T00:00:00.589Z [ERROR]: Error cleaning folder C:\\Users\\LENOVO\\Downloads\\e-archive\\e-archive\\e-archive\\eArchiiveUploads\\temporary: Error: ENOENT: no such file or directory, scandir 'C:\Users\LENOVO\Downloads\e-archive\e-archive\e-archive\eArchiiveUploads\temporary'
2025-11-29T00:00:00.658Z [ERROR]: Error cleaning folder C:\\Users\\LENOVO\\Downloads\\e-archive\\e-archive\\e-archive\\eArchiiveUploads: Error: ENOENT: no such file or directory, scandir 'C:\Users\LENOVO\Downloads\e-archive\e-archive\e-archive\eArchiiveUploads'
2025-11-30T00:00:00.410Z [ERROR]: Error cleaning folder C:\\Users\\LENOVO\\Downloads\\e-archive\\e-archive\\e-archive\\eArchiiveUploads\\temporary: Error: ENOENT: no such file or directory, scandir 'C:\Users\LENOVO\Downloads\e-archive\e-archive\e-archive\eArchiiveUploads\temporary'
2025-11-30T00:00:00.467Z [ERROR]: Error cleaning folder C:\\Users\\LENOVO\\Downloads\\e-archive\\e-archive\\e-archive\\eArchiiveUploads: Error: ENOENT: no such file or directory, scandir 'C:\Users\LENOVO\Downloads\e-archive\e-archive\e-archive\eArchiiveUploads'
2025-12-01T00:00:00.770Z [ERROR]: Error cleaning folder C:\\Users\\LENOVO\\Downloads\\e-archive\\e-archive\\e-archive\\eArchiiveUploads\\temporary: Error: ENOENT: no such file or directory, scandir 'C:\Users\LENOVO\Downloads\e-archive\e-archive\e-archive\eArchiiveUploads\temporary'
2025-12-01T00:00:00.821Z [ERROR]: Error cleaning folder C:\\Users\\LENOVO\\Downloads\\e-archive\\e-archive\\e-archive\\eArchiiveUploads: Error: ENOENT: no such file or directory, scandir 'C:\Users\LENOVO\Downloads\e-archive\e-archive\e-archive\eArchiiveUploads'
2025-12-02T00:00:01.081Z [ERROR]: Error cleaning folder C:\\Users\\LENOVO\\Downloads\\e-archive\\e-archive\\e-archive\\eArchiiveUploads\\temporary: Error: ENOENT: no such file or directory, scandir 'C:\Users\LENOVO\Downloads\e-archive\e-archive\e-archive\eArchiiveUploads\temporary'
2025-12-02T00:00:01.267Z [ERROR]: Error cleaning folder C:\\Users\\LENOVO\\Downloads\\e-archive\\e-archive\\e-archive\\eArchiiveUploads: Error: ENOENT: no such file or directory, scandir 'C:\Users\LENOVO\Downloads\e-archive\e-archive\e-archive\eArchiiveUploads'
2025-12-03T00:00:00.807Z [ERROR]: Error cleaning folder C:\\Users\\LENOVO\\Downloads\\e-archive\\e-archive\\e-archive\\eArchiiveUploads\\temporary: Error: ENOENT: no such file or directory, scandir 'C:\Users\LENOVO\Downloads\e-archive\e-archive\e-archive\eArchiiveUploads\temporary'
2025-12-03T00:00:00.905Z [ERROR]: Error cleaning folder C:\\Users\\LENOVO\\Downloads\\e-archive\\e-archive\\e-archive\\eArchiiveUploads: Error: ENOENT: no such file or directory, scandir 'C:\Users\LENOVO\Downloads\e-archive\e-archive\e-archive\eArchiiveUploads'
2025-12-04T00:00:00.959Z [ERROR]: Error cleaning folder C:\\Users\\LENOVO\\Downloads\\e-archive\\e-archive\\e-archive\\eArchiiveUploads\\temporary: Error: ENOENT: no such file or directory, scandir 'C:\Users\LENOVO\Downloads\e-archive\e-archive\e-archive\eArchiiveUploads\temporary'
2025-12-04T00:00:01.019Z [ERROR]: Error cleaning folder C:\\Users\\LENOVO\\Downloads\\e-archive\\e-archive\\e-archive\\eArchiiveUploads: Error: ENOENT: no such file or directory, scandir 'C:\Users\LENOVO\Downloads\e-archive\e-archive\e-archive\eArchiiveUploads'
2025-12-05T00:00:00.391Z [ERROR]: Error cleaning folder C:\\Users\\LENOVO\\Downloads\\e-archive\\e-archive\\e-archive\\eArchiiveUploads\\temporary: Error: ENOENT: no such file or directory, scandir 'C:\Users\LENOVO\Downloads\e-archive\e-archive\e-archive\eArchiiveUploads\temporary'
2025-12-05T00:00:00.422Z [ERROR]: Error cleaning folder C:\\Users\\LENOVO\\Downloads\\e-archive\\e-archive\\e-archive\\eArchiiveUploads: Error: ENOENT: no such file or directory, scandir 'C:\Users\LENOVO\Downloads\e-archive\e-archive\e-archive\eArchiiveUploads'
2025-12-06T00:00:01.012Z [ERROR]: Error cleaning folder C:\\Users\\LENOVO\\Downloads\\e-archive\\e-archive\\e-archive\\eArchiiveUploads\\temporary: Error: ENOENT: no such file or directory, scandir 'C:\Users\LENOVO\Downloads\e-archive\e-archive\e-archive\eArchiiveUploads\temporary'
2025-12-06T00:00:01.089Z [ERROR]: Error cleaning folder C:\\Users\\LENOVO\\Downloads\\e-archive\\e-archive\\e-archive\\eArchiiveUploads: Error: ENOENT: no such file or directory, scandir 'C:\Users\LENOVO\Downloads\e-archive\e-archive\e-archive\eArchiiveUploads'
2025-12-07T02:50:44.017Z [ERROR]: Error: File not found in the database
2025-12-07T02:50:44.084Z [ERROR]: Error: File not found in the database
2025-12-07T02:50:45.699Z [ERROR]: Error: File not found in the database
2025-12-07T02:50:45.707Z [ERROR]: Error: File not found in the database
2025-12-07T02:50:47.416Z [ERROR]: Error: File not found in the database
2025-12-07T02:50:47.423Z [ERROR]: Error: File not found in the database
2025-12-07T02:50:50.797Z [ERROR]: Error: File not found in the database
2025-12-07T02:50:50.804Z [ERROR]: Error: File not found in the database
2025-12-07T02:50:51.790Z [ERROR]: Error: File not found in the database
2025-12-07T02:50:51.797Z [ERROR]: Error: File not found in the database
2025-12-07T02:51:09.204Z [ERROR]: Error: File not found in the database
2025-12-07T02:51:09.210Z [ERROR]: Error: File not found in the database
2025-12-10T11:55:38.963Z [ERROR]: Failed to fetch reliable time, falling back to system time: request to http://worldtimeapi.org/api/timezone/Etc/UTC failed, reason: read ECONNRESET
2025-12-10T12:24:04.524Z [ERROR]: Failed to fetch reliable time, falling back to system time: request to http://worldtimeapi.org/api/timezone/Etc/UTC failed, reason: read ECONNRESET
2025-12-12T00:00:00.227Z [ERROR]: Error cleaning folder C:\\Users\\LENOVO\\Downloads\\e-archive\\e-archive\\e-archive\\eArchiiveUploads\\temporary: Error: ENOENT: no such file or directory, scandir 'C:\Users\LENOVO\Downloads\e-archive\e-archive\e-archive\eArchiiveUploads\temporary'
2025-12-12T00:00:00.378Z [ERROR]: Error cleaning folder C:\\Users\\LENOVO\\Downloads\\e-archive\\e-archive\\e-archive\\eArchiiveUploads: Error: ENOENT: no such file or directory, scandir 'C:\Users\LENOVO\Downloads\e-archive\e-archive\e-archive\eArchiiveUploads'
2025-12-13T00:00:00.233Z [ERROR]: Error cleaning folder C:\\Users\\LENOVO\\Downloads\\e-archive\\e-archive\\e-archive\\eArchiiveUploads\\temporary: Error: ENOENT: no such file or directory, scandir 'C:\Users\LENOVO\Downloads\e-archive\e-archive\e-archive\eArchiiveUploads\temporary'
2025-12-13T00:00:00.299Z [ERROR]: Error cleaning folder C:\\Users\\LENOVO\\Downloads\\e-archive\\e-archive\\e-archive\\eArchiiveUploads: Error: ENOENT: no such file or directory, scandir 'C:\Users\LENOVO\Downloads\e-archive\e-archive\e-archive\eArchiiveUploads'
2025-12-14T00:00:00.667Z [ERROR]: Error cleaning folder C:\\Users\\LENOVO\\Downloads\\e-archive\\e-archive\\e-archive\\eArchiiveUploads\\temporary: Error: ENOENT: no such file or directory, scandir 'C:\Users\LENOVO\Downloads\e-archive\e-archive\e-archive\eArchiiveUploads\temporary'
2025-12-14T00:00:00.718Z [ERROR]: Error cleaning folder C:\\Users\\LENOVO\\Downloads\\e-archive\\e-archive\\e-archive\\eArchiiveUploads: Error: ENOENT: no such file or directory, scandir 'C:\Users\LENOVO\Downloads\e-archive\e-archive\e-archive\eArchiiveUploads'
2025-12-15T09:59:21.809Z [ERROR]: User not found.
2025-12-15T09:59:22.173Z [ERROR]: User not found.
2025-12-15T09:59:23.660Z [ERROR]: User not found.
2025-12-15T09:59:23.801Z [ERROR]: User not found.
2025-12-15T09:59:23.932Z [ERROR]: User not found.
2025-12-15T09:59:24.653Z [ERROR]: User not found.
2025-12-15T09:59:24.843Z [ERROR]: User not found.
2025-12-15T09:59:25.094Z [ERROR]: User not found.
2025-12-15T09:59:25.459Z [ERROR]: User not found.
2025-12-15T09:59:25.675Z [ERROR]: User not found.
2025-12-15T09:59:25.931Z [ERROR]: User not found.
2025-12-15T09:59:26.497Z [ERROR]: User not found.
2025-12-15T09:59:26.754Z [ERROR]: User not found.
2025-12-15T09:59:27.940Z [ERROR]: User not found.
2025-12-15T09:59:28.188Z [ERROR]: User not found.
2025-12-15T09:59:30.386Z [ERROR]: User not found.
2025-12-15T10:00:42.703Z [ERROR]: User not found.
2025-12-15T10:00:43.943Z [ERROR]: User not found.
2025-12-15T10:00:44.413Z [ERROR]: User not found.
2025-12-15T10:00:45.233Z [ERROR]: User not found.
2025-12-15T10:00:45.392Z [ERROR]: User not found.
2025-12-15T10:00:45.774Z [ERROR]: User not found.
2025-12-15T10:00:45.948Z [ERROR]: User not found.
2025-12-15T10:00:46.164Z [ERROR]: User not found.
2025-12-15T10:58:58.645Z [ERROR]: Failed to fetch reliable time, falling back to system time: request to http://worldtimeapi.org/api/timezone/Etc/UTC failed, reason: read ECONNRESET
2025-12-15T11:28:54.862Z [ERROR]: Error: ENOENT: no such file or directory, stat 'W:\Mycrolynxe\e-archive\client\dist\index.html'
2025-12-15T12:30:40.848Z [ERROR]: Error creating/updating user: ENOTEMPTY: directory not empty, rmdir 'C:\e-archiveUploads\edwinase\HR\koffimicrolynxe@edwinase'
2025-12-15T12:30:40.857Z [ERROR]: Error: ENOTEMPTY: directory not empty, rmdir 'C:\e-archiveUploads\edwinase\HR\koffimicrolynxe@edwinase'
2025-12-15T12:30:41.654Z [ERROR]: Error creating/updating user: ENOTEMPTY: directory not empty, rmdir 'C:\e-archiveUploads\edwinase\HR\koffimicrolynxe@edwinase'
2025-12-15T12:30:41.655Z [ERROR]: Error: ENOTEMPTY: directory not empty, rmdir 'C:\e-archiveUploads\edwinase\HR\koffimicrolynxe@edwinase'
2025-12-15T12:31:27.039Z [ERROR]: Error creating/updating user: ENOTEMPTY: directory not empty, rmdir 'C:\e-archiveUploads\edwinase\HR\koffimicrolynxe@edwinase'
2025-12-15T12:31:27.041Z [ERROR]: Error: ENOTEMPTY: directory not empty, rmdir 'C:\e-archiveUploads\edwinase\HR\koffimicrolynxe@edwinase'
2025-12-15T12:40:21.563Z [ERROR]: Failed to fetch reliable time, falling back to system time: request to http://worldtimeapi.org/api/timezone/Etc/UTC failed, reason: read ECONNRESET
2025-12-15T12:40:31.236Z [ERROR]: Failed to fetch reliable time, falling back to system time: request to http://worldtimeapi.org/api/timezone/Etc/UTC failed, reason: read ECONNRESET
